<?xml version="1.0" encoding="UTF-8"?>
<!-- Generated by org.testng.reporters.JUnitReportReporter -->
<testsuite skipped="0" hostname="DESKTOP-425GI1R" name="org.oauth.OauthTestng" tests="4" failures="0" timestamp="30 Aug 2022 09:23:32 GMT" time="3.854" errors="0">
  <testcase name="getUrl" time="0.016" classname="org.oauth.OauthTestng"/>
  <testcase name="getToken" time="3.084" classname="org.oauth.OauthTestng"/>
  <testcase name="getCourses" time="0.566" classname="org.oauth.OauthTestng"/>
  <testcase name="getAllValues" time="0.188" classname="org.oauth.OauthTestng"/>
</testsuite> <!-- org.oauth.OauthTestng -->
